2022-11-09 16:37:42,741 INFO o.a.j.u.JMeterUtils: Setting Locale to en_US
2022-11-09 16:37:42,790 INFO o.a.j.JMeter: Loading user properties from: user.properties
2022-11-09 16:37:42,790 INFO o.a.j.JMeter: Loading system properties from: system.properties
2022-11-09 16:37:42,790 INFO o.a.j.JMeter: Loading additional properties from: C:\apache-jmeter-5.5\bin\user.properties
2022-11-09 16:37:42,804 INFO o.a.j.JMeter: Copyright (c) 1998-2022 The Apache Software Foundation
2022-11-09 16:37:42,804 INFO o.a.j.JMeter: Version 5.5
2022-11-09 16:37:42,804 INFO o.a.j.JMeter: java.version=11.0.16.1
2022-11-09 16:37:42,804 INFO o.a.j.JMeter: java.vm.name=Java HotSpot(TM) 64-Bit Server VM
2022-11-09 16:37:42,804 INFO o.a.j.JMeter: os.name=Windows 11
2022-11-09 16:37:42,804 INFO o.a.j.JMeter: os.arch=amd64
2022-11-09 16:37:42,804 INFO o.a.j.JMeter: os.version=10.0
2022-11-09 16:37:42,804 INFO o.a.j.JMeter: file.encoding=Cp1252
2022-11-09 16:37:42,804 INFO o.a.j.JMeter: java.awt.headless=true
2022-11-09 16:37:42,804 INFO o.a.j.JMeter: Max memory     =2147483648
2022-11-09 16:37:42,804 INFO o.a.j.JMeter: Available Processors =2
2022-11-09 16:37:42,819 INFO o.a.j.JMeter: Default Locale=English (United States)
2022-11-09 16:37:42,819 INFO o.a.j.JMeter: JMeter  Locale=English (United States)
2022-11-09 16:37:42,819 INFO o.a.j.JMeter: JMeterHome=C:\apache-jmeter-5.5
2022-11-09 16:37:42,819 INFO o.a.j.JMeter: user.dir  =C:\apache-jmeter-5.5\bin
2022-11-09 16:37:42,819 INFO o.a.j.JMeter: PWD       =C:\apache-jmeter-5.5\bin
2022-11-09 16:37:42,835 INFO o.a.j.JMeter: IP: 10.53.96.193 Name: hj-pespes15012 FullName: hj-pespes15012.persistent.co.in
2022-11-09 16:37:42,882 INFO o.a.j.JMeter: Setting property 'jmeter.reportgenerator.outputdir' to:'C:\Mountsinai\Mountsinai_Reports\ICAHN_Search_faculty'
2022-11-09 16:37:42,882 INFO o.a.j.r.d.ReportGenerator: ReportGenerator will use for Parsing the separator: ','
2022-11-09 16:37:42,882 INFO o.a.j.r.d.ReportGenerator: Will only generate report from results file: C:\apache-jmeter-5.5\bin\ICAHN_search_faculty.jtl
2022-11-09 16:37:42,882 INFO o.a.j.r.d.ReportGenerator: Reading report generator properties from: C:\apache-jmeter-5.5\bin\reportgenerator.properties
2022-11-09 16:37:42,882 INFO o.a.j.r.d.ReportGenerator: Merging with JMeter properties
2022-11-09 16:37:42,897 INFO o.a.j.r.c.ReportGeneratorConfiguration: Property 'jmeter.reportgenerator.temp_dir' not found, using default value 'temp' instead.
2022-11-09 16:37:42,897 INFO o.a.j.r.c.ReportGeneratorConfiguration: Property 'jmeter.reportgenerator.apdex_per_transaction' not found, using default value 'null' instead.
2022-11-09 16:37:42,913 INFO o.a.j.r.c.ReportGeneratorConfiguration: apdex_per_transaction is empty, not APDEX per transaction customization
2022-11-09 16:37:42,913 INFO o.a.j.r.c.ReportGeneratorConfiguration: Property 'jmeter.reportgenerator.sample_filter' not found, using default value 'null' instead.
2022-11-09 16:37:42,913 INFO o.a.j.r.c.ReportGeneratorConfiguration: Property 'jmeter.reportgenerator.report_title' not found, using default value 'null' instead.
2022-11-09 16:37:42,913 INFO o.a.j.r.c.ReportGeneratorConfiguration: Property 'jmeter.reportgenerator.start_date' not found, using default value 'null' instead.
2022-11-09 16:37:42,913 INFO o.a.j.r.c.ReportGeneratorConfiguration: Property 'jmeter.reportgenerator.end_date' not found, using default value 'null' instead.
2022-11-09 16:37:42,913 INFO o.a.j.r.c.ReportGeneratorConfiguration: Property 'jmeter.reportgenerator.date_format' not found, using default value 'null' instead.
2022-11-09 16:37:42,929 INFO o.a.j.r.c.ReportGeneratorConfiguration: Will use date range start date: null, end date: null
2022-11-09 16:37:42,929 INFO o.a.j.r.c.ReportGeneratorConfiguration: Property 'jmeter.reportgenerator.graph.totalTPS.exclude_controllers' not found, using default value 'false' instead.
2022-11-09 16:37:42,929 INFO o.a.j.r.c.ReportGeneratorConfiguration: Property 'jmeter.reportgenerator.graph.activeThreadsOverTime.exclude_controllers' not found, using default value 'false' instead.
2022-11-09 16:37:42,929 INFO o.a.j.r.c.ReportGeneratorConfiguration: Property 'jmeter.reportgenerator.graph.timeVsThreads.exclude_controllers' not found, using default value 'false' instead.
2022-11-09 16:37:42,929 INFO o.a.j.r.c.ReportGeneratorConfiguration: Property 'jmeter.reportgenerator.graph.responseTimeDistribution.exclude_controllers' not found, using default value 'false' instead.
2022-11-09 16:37:42,929 INFO o.a.j.r.c.ReportGeneratorConfiguration: Property 'jmeter.reportgenerator.graph.transactionsPerSecond.exclude_controllers' not found, using default value 'false' instead.
2022-11-09 16:37:42,929 INFO o.a.j.r.c.ReportGeneratorConfiguration: Property 'jmeter.reportgenerator.graph.responseTimePercentiles.exclude_controllers' not found, using default value 'false' instead.
2022-11-09 16:37:42,929 INFO o.a.j.r.c.ReportGeneratorConfiguration: Property 'jmeter.reportgenerator.graph.responseTimePercentilesOverTime.exclude_controllers' not found, using default value 'false' instead.
2022-11-09 16:37:42,929 INFO o.a.j.r.c.ReportGeneratorConfiguration: Property 'jmeter.reportgenerator.graph.responseTimesOverTime.exclude_controllers' not found, using default value 'false' instead.
2022-11-09 16:37:42,929 INFO o.a.j.r.c.ReportGeneratorConfiguration: Property 'jmeter.reportgenerator.graph.connectTimeOverTime.exclude_controllers' not found, using default value 'false' instead.
2022-11-09 16:37:42,929 INFO o.a.j.r.c.ReportGeneratorConfiguration: Property 'jmeter.reportgenerator.graph.latenciesOverTime.exclude_controllers' not found, using default value 'false' instead.
2022-11-09 16:37:42,929 INFO o.a.j.r.c.ReportGeneratorConfiguration: Property 'jmeter.reportgenerator.exporter.json.filters_only_sample_series' not found, using default value 'true' instead.
2022-11-09 16:37:42,929 INFO o.a.j.r.c.ReportGeneratorConfiguration: Property 'jmeter.reportgenerator.exporter.json.series_filter' not found, using default value '' instead.
2022-11-09 16:37:42,929 INFO o.a.j.r.c.ReportGeneratorConfiguration: Property 'jmeter.reportgenerator.exporter.json.show_controllers_only' not found, using default value 'false' instead.
2022-11-09 16:37:42,929 INFO o.a.j.r.c.ReportGeneratorConfiguration: Property 'jmeter.reportgenerator.exporter.html.filters_only_sample_series' not found, using default value 'true' instead.
2022-11-09 16:37:42,929 INFO o.a.j.r.c.ReportGeneratorConfiguration: Property 'jmeter.reportgenerator.exporter.html.series_filter' not found, using default value '' instead.
2022-11-09 16:37:42,929 INFO o.a.j.r.c.ReportGeneratorConfiguration: Property 'jmeter.reportgenerator.exporter.html.show_controllers_only' not found, using default value 'false' instead.
2022-11-09 16:37:43,241 INFO o.a.j.s.SaveService: Testplan (JMX) version: 2.2. Testlog (JTL) version: 2.2
2022-11-09 16:37:43,291 INFO o.a.j.s.SaveService: Using SaveService properties version 5.0
2022-11-09 16:37:43,304 INFO o.a.j.s.SaveService: Using SaveService properties file encoding UTF-8
2022-11-09 16:37:43,343 INFO o.a.j.r.p.NormalizerSampleConsumer: Using format, 'ms', to parse timeStamp field
2022-11-09 16:37:44,038 INFO o.a.j.r.p.AbstractSampleConsumer: class org.apache.jmeter.report.processor.AggregateConsumer#stopProducing(): beginDate produced 0 samples
2022-11-09 16:37:44,038 INFO o.a.j.r.p.AbstractSampleConsumer: class org.apache.jmeter.report.processor.AggregateConsumer#stopProducing(): endDate produced 0 samples
2022-11-09 16:37:44,054 INFO o.a.j.r.p.AbstractSampleConsumer: class org.apache.jmeter.report.processor.ApdexSummaryConsumer#stopProducing(): apdexSummary produced 0 samples
2022-11-09 16:37:44,054 INFO o.a.j.r.p.AbstractSampleConsumer: class org.apache.jmeter.report.processor.RequestsSummaryConsumer#stopProducing(): requestsSummary produced 0 samples
2022-11-09 16:37:44,069 INFO o.a.j.r.p.AbstractSampleConsumer: class org.apache.jmeter.report.processor.StatisticsSummaryConsumer#stopProducing(): statisticsSummary produced 0 samples
2022-11-09 16:37:44,085 INFO o.a.j.r.p.AbstractSampleConsumer: class org.apache.jmeter.report.processor.Top5ErrorsBySamplerConsumer#stopProducing(): top5ErrorsBySampler produced 0 samples
2022-11-09 16:37:44,085 INFO o.a.j.r.p.AbstractSampleConsumer: class org.apache.jmeter.report.processor.ErrorsSummaryConsumer#stopProducing(): errorsSummary produced 0 samples
2022-11-09 16:37:44,085 INFO o.a.j.r.p.AbstractSampleConsumer: class org.apache.jmeter.report.processor.graph.impl.HitsPerSecondGraphConsumer#stopProducing(): hitsPerSecond produced 0 samples
2022-11-09 16:37:44,288 INFO o.a.j.r.p.AbstractSampleConsumer: class org.apache.jmeter.report.processor.graph.impl.LatencyVSRequestGraphConsumer#stopProducing(): latencyVsRequest produced 0 samples
2022-11-09 16:37:44,288 INFO o.a.j.r.p.AbstractSampleConsumer: class org.apache.jmeter.report.processor.graph.impl.SyntheticResponseTimeDistributionGraphConsumer#stopProducing(): syntheticResponseTimeDistribution produced 0 samples
2022-11-09 16:37:44,288 INFO o.a.j.r.p.AbstractSampleConsumer: class org.apache.jmeter.report.processor.graph.impl.BytesThroughputGraphConsumer#stopProducing(): bytesThroughputOverTime produced 0 samples
2022-11-09 16:37:44,288 INFO o.a.j.r.p.AbstractSampleConsumer: class org.apache.jmeter.report.processor.graph.impl.CodesPerSecondGraphConsumer#stopProducing(): codesPerSecond produced 0 samples
2022-11-09 16:37:44,382 INFO o.a.j.r.p.AbstractSampleConsumer: class org.apache.jmeter.report.processor.graph.impl.ResponseTimeVSRequestGraphConsumer#stopProducing(): responseTimeVsRequest produced 0 samples
2022-11-09 16:37:44,382 INFO o.a.j.r.p.AbstractSampleConsumer: class org.apache.jmeter.report.processor.FilterConsumer#stopProducing(): startIntervalControlerFilter produced 11900 samples
2022-11-09 16:37:44,382 INFO o.a.j.r.p.AbstractSampleConsumer: class org.apache.jmeter.report.processor.graph.impl.TotalTPSGraphConsumer#stopProducing(): totalTPS produced 0 samples
2022-11-09 16:37:44,382 INFO o.a.j.r.p.AbstractSampleConsumer: class org.apache.jmeter.report.processor.graph.impl.ActiveThreadsGraphConsumer#stopProducing(): activeThreadsOverTime produced 0 samples
2022-11-09 16:37:44,382 INFO o.a.j.r.p.AbstractSampleConsumer: class org.apache.jmeter.report.processor.graph.impl.TimeVSThreadGraphConsumer#stopProducing(): timeVsThreads produced 0 samples
2022-11-09 16:37:44,397 INFO o.a.j.r.p.AbstractSampleConsumer: class org.apache.jmeter.report.processor.graph.impl.ResponseTimeDistributionGraphConsumer#stopProducing(): responseTimeDistribution produced 0 samples
2022-11-09 16:37:44,397 INFO o.a.j.r.p.AbstractSampleConsumer: class org.apache.jmeter.report.processor.graph.impl.TransactionsPerSecondGraphConsumer#stopProducing(): transactionsPerSecond produced 0 samples
2022-11-09 16:37:44,397 INFO o.a.j.r.p.AbstractSampleConsumer: class org.apache.jmeter.report.processor.graph.impl.ResponseTimePercentilesGraphConsumer#stopProducing(): responseTimePercentiles produced 0 samples
2022-11-09 16:37:44,429 INFO o.a.j.r.p.AbstractSampleConsumer: class org.apache.jmeter.report.processor.graph.impl.ResponseTimePercentilesOverTimeGraphConsumer#stopProducing(): responseTimePercentilesOverTime produced 0 samples
2022-11-09 16:37:44,429 INFO o.a.j.r.p.AbstractSampleConsumer: class org.apache.jmeter.report.processor.graph.impl.ResponseTimeOverTimeGraphConsumer#stopProducing(): responseTimesOverTime produced 0 samples
2022-11-09 16:37:44,429 INFO o.a.j.r.p.AbstractSampleConsumer: class org.apache.jmeter.report.processor.graph.impl.ConnectTimeOverTimeGraphConsumer#stopProducing(): connectTimeOverTime produced 0 samples
2022-11-09 16:37:44,429 INFO o.a.j.r.p.AbstractSampleConsumer: class org.apache.jmeter.report.processor.graph.impl.LatencyOverTimeGraphConsumer#stopProducing(): latenciesOverTime produced 0 samples
2022-11-09 16:37:44,429 INFO o.a.j.r.p.AbstractSampleConsumer: class org.apache.jmeter.report.processor.FilterConsumer#stopProducing(): nameFilter produced 27000 samples
2022-11-09 16:37:44,429 INFO o.a.j.r.p.AbstractSampleConsumer: class org.apache.jmeter.report.processor.FilterConsumer#stopProducing(): dateRangeFilter produced 5400 samples
2022-11-09 16:37:44,429 INFO o.a.j.r.p.AbstractSampleConsumer: class org.apache.jmeter.report.processor.NormalizerSampleConsumer#stopProducing(): normalizer produced 1800 samples
2022-11-09 16:37:44,429 INFO o.a.j.r.p.CsvFileSampleSource: produce(): 1800 samples produced in 1s 47 ms on channel 0
2022-11-09 16:37:44,429 INFO o.a.j.r.d.ReportGenerator: Exporting data using exporter:'json' of className:'org.apache.jmeter.report.dashboard.JsonExporter'
2022-11-09 16:37:44,585 INFO o.a.j.r.d.JsonExporter: Found data for consumer statisticsSummary in context
2022-11-09 16:37:44,585 INFO o.a.j.r.d.JsonExporter: Creating statistics for overall
2022-11-09 16:37:44,585 INFO o.a.j.r.d.JsonExporter: Creating statistics for other transactions
2022-11-09 16:37:44,585 INFO o.a.j.r.d.JsonExporter: Checking output folder
2022-11-09 16:37:44,585 INFO o.a.j.r.d.JsonExporter: Writing statistics JSON to C:\Mountsinai\Mountsinai_Reports\ICAHN_Search_faculty\statistics.json
2022-11-09 16:37:44,679 INFO o.a.j.r.d.ReportGenerator: Exporting data using exporter:'html' of className:'org.apache.jmeter.report.dashboard.HtmlTemplateExporter'
2022-11-09 16:37:44,679 INFO o.a.j.r.d.HtmlTemplateExporter: Will generate dashboard in folder: C:\Mountsinai\Mountsinai_Reports\ICAHN_Search_faculty
2022-11-09 16:37:45,069 INFO o.a.j.r.d.HtmlTemplateExporter: Report will be generated in: C:\Mountsinai\Mountsinai_Reports\ICAHN_Search_faculty, creating folder structure
2022-11-09 16:37:45,085 INFO o.a.j.r.d.TemplateVisitor: Copying folder from 'C:\apache-jmeter-5.5\bin\report-template' to 'C:\Mountsinai\Mountsinai_Reports\ICAHN_Search_faculty', got message: C:\Mountsinai\Mountsinai_Reports\ICAHN_Search_faculty, found non empty folder with following content [C:\Mountsinai\Mountsinai_Reports\ICAHN_Search_faculty\statistics.json], will be ignored
